<?xml version="1.0" encoding="UTF-8"?>
<!-- Generated by org.testng.reporters.JUnitReportReporter -->
<testsuite hostname="Lenovo-PC" name="com.sikuli.scripts.SikuliDemo" tests="1" failures="0" timestamp="28 Jun 2017 03:41:57 GMT" time="6.363" errors="0">
  <testcase name="Sikuli_Methods" time="6.363" classname="com.sikuli.scripts.SikuliDemo"/>
</testsuite> <!-- com.sikuli.scripts.SikuliDemo -->
